2020-01-29 00:06:58 [ main:0 ] - [ DEBUG ] SpringJUnit4ClassRunner constructor called with [class SpringTest]
2020-01-29 00:06:58 [ main:7 ] - [ DEBUG ] Instantiating CacheAwareContextLoaderDelegate from class [org.springframework.test.context.cache.DefaultCacheAwareContextLoaderDelegate]
2020-01-29 00:06:58 [ main:16 ] - [ DEBUG ] Instantiating BootstrapContext using constructor [public org.springframework.test.context.support.DefaultBootstrapContext(java.lang.Class,org.springframework.test.context.CacheAwareContextLoaderDelegate)]
2020-01-29 00:06:58 [ main:53 ] - [ DEBUG ] Instantiating TestContextBootstrapper for test class [SpringTest] from class [org.springframework.test.context.support.DefaultTestContextBootstrapper]
2020-01-29 00:06:59 [ main:88 ] - [ DEBUG ] Delegating to AnnotationConfigContextLoader to process context configuration [ContextConfigurationAttributes@2f686d1f declaringClass = 'SpringTest', classes = '{class com.yuntian.spring.mybatis.config.AppConfig}', locations = '{}', inheritLocations = true, initializers = '{}', inheritInitializers = true, name = [null], contextLoaderClass = 'org.springframework.test.context.ContextLoader'].
2020-01-29 00:06:59 [ main:105 ] - [ DEBUG ] Could not find an 'annotation declaring class' for annotation type [org.springframework.test.context.ActiveProfiles] and class [SpringTest]
2020-01-29 00:06:59 [ main:106 ] - [ DEBUG ] @TestExecutionListeners is not present for class [SpringTest]: using defaults.
2020-01-29 00:06:59 [ main:107 ] - [ INFO ] Loaded default TestExecutionListener class names from location [META-INF/spring.factories]: [org.springframework.test.context.web.ServletTestExecutionListener, org.springframework.test.context.support.DirtiesContextBeforeModesTestExecutionListener, org.springframework.test.context.support.DependencyInjectionTestExecutionListener, org.springframework.test.context.support.DirtiesContextTestExecutionListener, org.springframework.test.context.transaction.TransactionalTestExecutionListener, org.springframework.test.context.jdbc.SqlScriptsTestExecutionListener, org.springframework.test.context.event.EventPublishingTestExecutionListener]
2020-01-29 00:06:59 [ main:110 ] - [ DEBUG ] Skipping candidate TestExecutionListener [org.springframework.test.context.web.ServletTestExecutionListener] due to a missing dependency. Specify custom listener classes or make the default listener classes and their required dependencies available. Offending class: [javax/servlet/ServletContext]
2020-01-29 00:06:59 [ main:117 ] - [ INFO ] Using TestExecutionListeners: [org.springframework.test.context.support.DirtiesContextBeforeModesTestExecutionListener@6e6c3152, org.springframework.test.context.support.DependencyInjectionTestExecutionListener@50b494a6, org.springframework.test.context.support.DirtiesContextTestExecutionListener@3cef309d, org.springframework.test.context.transaction.TransactionalTestExecutionListener@32709393, org.springframework.test.context.jdbc.SqlScriptsTestExecutionListener@3d99d22e, org.springframework.test.context.event.EventPublishingTestExecutionListener@49fc609f]
2020-01-29 00:06:59 [ main:119 ] - [ DEBUG ] Retrieved @ProfileValueSourceConfiguration [null] for test class [SpringTest]
2020-01-29 00:06:59 [ main:120 ] - [ DEBUG ] Retrieved ProfileValueSource type [class org.springframework.test.annotation.SystemProfileValueSource] for class [SpringTest]
2020-01-29 00:06:59 [ main:128 ] - [ DEBUG ] Retrieved @ProfileValueSourceConfiguration [null] for test class [SpringTest]
2020-01-29 00:06:59 [ main:129 ] - [ DEBUG ] Retrieved ProfileValueSource type [class org.springframework.test.annotation.SystemProfileValueSource] for class [SpringTest]
2020-01-29 00:06:59 [ main:130 ] - [ DEBUG ] Retrieved @ProfileValueSourceConfiguration [null] for test class [SpringTest]
2020-01-29 00:06:59 [ main:130 ] - [ DEBUG ] Retrieved ProfileValueSource type [class org.springframework.test.annotation.SystemProfileValueSource] for class [SpringTest]
2020-01-29 00:06:59 [ main:132 ] - [ DEBUG ] Retrieved @ProfileValueSourceConfiguration [null] for test class [SpringTest]
2020-01-29 00:06:59 [ main:132 ] - [ DEBUG ] Retrieved ProfileValueSource type [class org.springframework.test.annotation.SystemProfileValueSource] for class [SpringTest]
2020-01-29 00:06:59 [ main:134 ] - [ DEBUG ] Before test class: context [DefaultTestContext@394e1a0f testClass = SpringTest, testInstance = [null], testMethod = [null], testException = [null], mergedContextConfiguration = [MergedContextConfiguration@27a5f880 testClass = SpringTest, locations = '{}', classes = '{class com.yuntian.spring.mybatis.config.AppConfig}', contextInitializerClasses = '[]', activeProfiles = '{}', propertySourceLocations = '{}', propertySourceProperties = '{}', contextCustomizers = set[[empty]], contextLoader = 'org.springframework.test.context.support.DelegatingSmartContextLoader', parent = [null]], attributes = map[[empty]]], class annotated with @DirtiesContext [false] with mode [null].
2020-01-29 00:06:59 [ main:135 ] - [ DEBUG ] Retrieved @ProfileValueSourceConfiguration [null] for test class [SpringTest]
2020-01-29 00:06:59 [ main:136 ] - [ DEBUG ] Retrieved ProfileValueSource type [class org.springframework.test.annotation.SystemProfileValueSource] for class [SpringTest]
2020-01-29 00:06:59 [ main:137 ] - [ DEBUG ] Performing dependency injection for test context [[DefaultTestContext@394e1a0f testClass = SpringTest, testInstance = SpringTest@2d8f65a4, testMethod = [null], testException = [null], mergedContextConfiguration = [MergedContextConfiguration@27a5f880 testClass = SpringTest, locations = '{}', classes = '{class com.yuntian.spring.mybatis.config.AppConfig}', contextInitializerClasses = '[]', activeProfiles = '{}', propertySourceLocations = '{}', propertySourceProperties = '{}', contextCustomizers = set[[empty]], contextLoader = 'org.springframework.test.context.support.DelegatingSmartContextLoader', parent = [null]], attributes = map[[empty]]]].
2020-01-29 00:06:59 [ main:138 ] - [ DEBUG ] Delegating to AnnotationConfigContextLoader to load context from [MergedContextConfiguration@27a5f880 testClass = SpringTest, locations = '{}', classes = '{class com.yuntian.spring.mybatis.config.AppConfig}', contextInitializerClasses = '[]', activeProfiles = '{}', propertySourceLocations = '{}', propertySourceProperties = '{}', contextCustomizers = set[[empty]], contextLoader = 'org.springframework.test.context.support.DelegatingSmartContextLoader', parent = [null]].
2020-01-29 00:06:59 [ main:139 ] - [ DEBUG ] Loading ApplicationContext for merged context configuration [[MergedContextConfiguration@27a5f880 testClass = SpringTest, locations = '{}', classes = '{class com.yuntian.spring.mybatis.config.AppConfig}', contextInitializerClasses = '[]', activeProfiles = '{}', propertySourceLocations = '{}', propertySourceProperties = '{}', contextCustomizers = set[[empty]], contextLoader = 'org.springframework.test.context.support.DelegatingSmartContextLoader', parent = [null]]].
2020-01-29 00:06:59 [ main:181 ] - [ DEBUG ] Activating profiles []
2020-01-29 00:06:59 [ main:181 ] - [ DEBUG ] Registering component classes: {class com.yuntian.spring.mybatis.config.AppConfig}
2020-01-29 00:06:59 [ main:218 ] - [ DEBUG ] Refreshing org.springframework.context.support.GenericApplicationContext@36b4cef0
2020-01-29 00:06:59 [ main:237 ] - [ DEBUG ] Creating shared instance of singleton bean 'org.springframework.context.annotation.internalConfigurationAnnotationProcessor'
2020-01-29 00:06:59 [ main:305 ] - [ DEBUG ] Identified candidate component class: file [F:\IT\java\work\zhuangti\mybatis-study\mybatis-spring\target\classes\com\yuntian\spring\mybatis\config\DataSourceConfig.class]
2020-01-29 00:06:59 [ main:312 ] - [ DEBUG ] Identified candidate component class: file [F:\IT\java\work\zhuangti\mybatis-study\mybatis-spring\target\classes\com\yuntian\spring\mybatis\config\MyBatisConfig.class]
2020-01-29 00:06:59 [ main:315 ] - [ DEBUG ] Identified candidate component class: file [F:\IT\java\work\zhuangti\mybatis-study\mybatis-spring\target\classes\com\yuntian\spring\mybatis\service\impl\UserLoginLogServiceImpl.class]
2020-01-29 00:06:59 [ main:359 ] - [ DEBUG ] Creating shared instance of singleton bean 'com.yuntian.spring.mybatis.config.MyBatisConfig#MapperScannerRegistrar#0'
2020-01-29 00:06:59 [ main:395 ] - [ DEBUG ] Logging initialized using 'class org.apache.ibatis.logging.slf4j.Slf4jImpl' adapter.
2020-01-29 00:06:59 [ main:398 ] - [ DEBUG ] Identified candidate component class: file [F:\IT\java\work\zhuangti\mybatis-study\mybatis-spring\target\classes\com\yuntian\spring\mybatis\dao\UserLoginLogDao.class]
2020-01-29 00:06:59 [ main:399 ] - [ DEBUG ] Creating MapperFactoryBean with name 'userLoginLogDao' and 'com.yuntian.spring.mybatis.dao.UserLoginLogDao' mapperInterface
2020-01-29 00:06:59 [ main:401 ] - [ DEBUG ] Enabling autowire by type for MapperFactoryBean with name 'userLoginLogDao'.
2020-01-29 00:06:59 [ main:497 ] - [ DEBUG ] Creating shared instance of singleton bean 'org.springframework.context.event.internalEventListenerProcessor'
2020-01-29 00:06:59 [ main:500 ] - [ DEBUG ] Creating shared instance of singleton bean 'org.springframework.context.event.internalEventListenerFactory'
2020-01-29 00:06:59 [ main:502 ] - [ DEBUG ] Creating shared instance of singleton bean 'org.springframework.context.annotation.internalAutowiredAnnotationProcessor'
2020-01-29 00:06:59 [ main:505 ] - [ DEBUG ] Creating shared instance of singleton bean 'org.springframework.context.annotation.internalCommonAnnotationProcessor'
2020-01-29 00:06:59 [ main:518 ] - [ DEBUG ] Creating shared instance of singleton bean 'appConfig'
2020-01-29 00:06:59 [ main:524 ] - [ DEBUG ] Creating shared instance of singleton bean 'dataSourceConfig'
2020-01-29 00:06:59 [ main:534 ] - [ DEBUG ] Found key 'jdbc.url' in PropertySource 'class path resource [jdbc.properties]' with value of type String
2020-01-29 00:06:59 [ main:535 ] - [ DEBUG ] Found key 'jdbc.driver' in PropertySource 'class path resource [jdbc.properties]' with value of type String
2020-01-29 00:06:59 [ main:535 ] - [ DEBUG ] Found key 'jdbc.userName' in PropertySource 'class path resource [jdbc.properties]' with value of type String
2020-01-29 00:06:59 [ main:536 ] - [ DEBUG ] Found key 'jdbc.passWord' in PropertySource 'class path resource [jdbc.properties]' with value of type String
2020-01-29 00:06:59 [ main:536 ] - [ DEBUG ] Creating shared instance of singleton bean 'myBatisConfig'
2020-01-29 00:06:59 [ main:537 ] - [ DEBUG ] Creating shared instance of singleton bean 'userLoginLogService'
2020-01-29 00:06:59 [ main:541 ] - [ DEBUG ] Creating shared instance of singleton bean 'userLoginLogDao'
2020-01-29 00:06:59 [ main:558 ] - [ DEBUG ] Creating shared instance of singleton bean 'sqlSessionFactoryBean'
2020-01-29 00:06:59 [ main:560 ] - [ DEBUG ] Creating shared instance of singleton bean 'getDataSource'
2020-01-29 00:06:59 [ main:578 ] - [ DEBUG ] Loaded JDBC driver: com.mysql.cj.jdbc.Driver
2020-01-29 00:06:59 [ main:581 ] - [ DEBUG ] Autowiring by type from bean name 'sqlSessionFactoryBean' via factory method to bean named 'getDataSource'
2020-01-29 00:06:59 [ main:594 ] - [ DEBUG ] Property 'configuration' or 'configLocation' not specified, using default MyBatis Configuration
2020-01-29 00:06:59 [ main:775 ] - [ DEBUG ] Parsed mapper file: 'file [F:\IT\java\work\zhuangti\mybatis-study\mybatis-spring\target\classes\mapper\UserLoginLogMapper.xml]'
2020-01-29 00:06:59 [ main:803 ] - [ DEBUG ] Storing ApplicationContext [917819120] in cache under key [[MergedContextConfiguration@27a5f880 testClass = SpringTest, locations = '{}', classes = '{class com.yuntian.spring.mybatis.config.AppConfig}', contextInitializerClasses = '[]', activeProfiles = '{}', propertySourceLocations = '{}', propertySourceProperties = '{}', contextCustomizers = set[[empty]], contextLoader = 'org.springframework.test.context.support.DelegatingSmartContextLoader', parent = [null]]]
2020-01-29 00:06:59 [ main:803 ] - [ DEBUG ] Spring test ApplicationContext cache statistics: [DefaultContextCache@1f9f6368 size = 1, maxSize = 32, parentContextCount = 0, hitCount = 0, missCount = 1]
2020-01-29 00:06:59 [ main:805 ] - [ DEBUG ] Retrieved ApplicationContext [917819120] from cache with key [[MergedContextConfiguration@27a5f880 testClass = SpringTest, locations = '{}', classes = '{class com.yuntian.spring.mybatis.config.AppConfig}', contextInitializerClasses = '[]', activeProfiles = '{}', propertySourceLocations = '{}', propertySourceProperties = '{}', contextCustomizers = set[[empty]], contextLoader = 'org.springframework.test.context.support.DelegatingSmartContextLoader', parent = [null]]]
2020-01-29 00:06:59 [ main:806 ] - [ DEBUG ] Spring test ApplicationContext cache statistics: [DefaultContextCache@1f9f6368 size = 1, maxSize = 32, parentContextCount = 0, hitCount = 1, missCount = 1]
2020-01-29 00:06:59 [ main:809 ] - [ DEBUG ] Before test method: context [DefaultTestContext@394e1a0f testClass = SpringTest, testInstance = SpringTest@2d8f65a4, testMethod = testUserLoginLogService@SpringTest, testException = [null], mergedContextConfiguration = [MergedContextConfiguration@27a5f880 testClass = SpringTest, locations = '{}', classes = '{class com.yuntian.spring.mybatis.config.AppConfig}', contextInitializerClasses = '[]', activeProfiles = '{}', propertySourceLocations = '{}', propertySourceProperties = '{}', contextCustomizers = set[[empty]], contextLoader = 'org.springframework.test.context.support.DelegatingSmartContextLoader', parent = [null]], attributes = map[[empty]]], class annotated with @DirtiesContext [false] with mode [null], method annotated with @DirtiesContext [false] with mode [null].
2020-01-29 00:06:59 [ main:814 ] - [ DEBUG ] Retrieved ApplicationContext [917819120] from cache with key [[MergedContextConfiguration@27a5f880 testClass = SpringTest, locations = '{}', classes = '{class com.yuntian.spring.mybatis.config.AppConfig}', contextInitializerClasses = '[]', activeProfiles = '{}', propertySourceLocations = '{}', propertySourceProperties = '{}', contextCustomizers = set[[empty]], contextLoader = 'org.springframework.test.context.support.DelegatingSmartContextLoader', parent = [null]]]
2020-01-29 00:06:59 [ main:814 ] - [ DEBUG ] Spring test ApplicationContext cache statistics: [DefaultContextCache@1f9f6368 size = 1, maxSize = 32, parentContextCount = 0, hitCount = 2, missCount = 1]
2020-01-29 00:06:59 [ main:815 ] - [ DEBUG ] Retrieved ApplicationContext [917819120] from cache with key [[MergedContextConfiguration@27a5f880 testClass = SpringTest, locations = '{}', classes = '{class com.yuntian.spring.mybatis.config.AppConfig}', contextInitializerClasses = '[]', activeProfiles = '{}', propertySourceLocations = '{}', propertySourceProperties = '{}', contextCustomizers = set[[empty]], contextLoader = 'org.springframework.test.context.support.DelegatingSmartContextLoader', parent = [null]]]
2020-01-29 00:06:59 [ main:816 ] - [ DEBUG ] Spring test ApplicationContext cache statistics: [DefaultContextCache@1f9f6368 size = 1, maxSize = 32, parentContextCount = 0, hitCount = 3, missCount = 1]
2020-01-29 00:06:59 [ main:823 ] - [ DEBUG ] Creating a new SqlSession
2020-01-29 00:06:59 [ main:828 ] - [ DEBUG ] SqlSession [org.apache.ibatis.session.defaults.DefaultSqlSession@62656be4] was not registered for synchronization because synchronization is not active
2020-01-29 00:06:59 [ main:837 ] - [ DEBUG ] Fetching JDBC Connection from DataSource
2020-01-29 00:06:59 [ main:837 ] - [ DEBUG ] Creating new JDBC DriverManager Connection to [jdbc:mysql://localhost:33006/big_data?useUnicode=true&characterEncoding=UTF8&useSSL=false&serverTimezone=Asia/Shanghai]
2020-01-29 00:06:59 [ main:1007 ] - [ DEBUG ] JDBC Connection [com.mysql.cj.jdbc.ConnectionImpl@36060e] will not be managed by Spring
2020-01-29 00:06:59 [ main:1012 ] - [ DEBUG ] ==>  Preparing: select id, un_id, user_id, ip, mac, login_time, create_id, create_time, update_id, update_time, is_delete from big_data.user_login_log where id = ? 
2020-01-29 00:06:59 [ main:1030 ] - [ DEBUG ] ==> Parameters: 100000(Long)
2020-01-29 00:06:59 [ main:1044 ] - [ DEBUG ] <==      Total: 1
2020-01-29 00:06:59 [ main:1045 ] - [ DEBUG ] Closing non transactional SqlSession [org.apache.ibatis.session.defaults.DefaultSqlSession@62656be4]
2020-01-29 00:07:00 [ main:1151 ] - [ DEBUG ] Retrieved ApplicationContext [917819120] from cache with key [[MergedContextConfiguration@27a5f880 testClass = SpringTest, locations = '{}', classes = '{class com.yuntian.spring.mybatis.config.AppConfig}', contextInitializerClasses = '[]', activeProfiles = '{}', propertySourceLocations = '{}', propertySourceProperties = '{}', contextCustomizers = set[[empty]], contextLoader = 'org.springframework.test.context.support.DelegatingSmartContextLoader', parent = [null]]]
2020-01-29 00:07:00 [ main:1151 ] - [ DEBUG ] Spring test ApplicationContext cache statistics: [DefaultContextCache@1f9f6368 size = 1, maxSize = 32, parentContextCount = 0, hitCount = 4, missCount = 1]
2020-01-29 00:07:00 [ main:1152 ] - [ DEBUG ] Retrieved ApplicationContext [917819120] from cache with key [[MergedContextConfiguration@27a5f880 testClass = SpringTest, locations = '{}', classes = '{class com.yuntian.spring.mybatis.config.AppConfig}', contextInitializerClasses = '[]', activeProfiles = '{}', propertySourceLocations = '{}', propertySourceProperties = '{}', contextCustomizers = set[[empty]], contextLoader = 'org.springframework.test.context.support.DelegatingSmartContextLoader', parent = [null]]]
2020-01-29 00:07:00 [ main:1153 ] - [ DEBUG ] Spring test ApplicationContext cache statistics: [DefaultContextCache@1f9f6368 size = 1, maxSize = 32, parentContextCount = 0, hitCount = 5, missCount = 1]
2020-01-29 00:07:00 [ main:1153 ] - [ DEBUG ] After test method: context [DefaultTestContext@394e1a0f testClass = SpringTest, testInstance = SpringTest@2d8f65a4, testMethod = testUserLoginLogService@SpringTest, testException = [null], mergedContextConfiguration = [MergedContextConfiguration@27a5f880 testClass = SpringTest, locations = '{}', classes = '{class com.yuntian.spring.mybatis.config.AppConfig}', contextInitializerClasses = '[]', activeProfiles = '{}', propertySourceLocations = '{}', propertySourceProperties = '{}', contextCustomizers = set[[empty]], contextLoader = 'org.springframework.test.context.support.DelegatingSmartContextLoader', parent = [null]], attributes = map[[empty]]], class annotated with @DirtiesContext [false] with mode [null], method annotated with @DirtiesContext [false] with mode [null].
2020-01-29 00:07:00 [ main:1155 ] - [ DEBUG ] Retrieved ApplicationContext [917819120] from cache with key [[MergedContextConfiguration@27a5f880 testClass = SpringTest, locations = '{}', classes = '{class com.yuntian.spring.mybatis.config.AppConfig}', contextInitializerClasses = '[]', activeProfiles = '{}', propertySourceLocations = '{}', propertySourceProperties = '{}', contextCustomizers = set[[empty]], contextLoader = 'org.springframework.test.context.support.DelegatingSmartContextLoader', parent = [null]]]
2020-01-29 00:07:00 [ main:1155 ] - [ DEBUG ] Spring test ApplicationContext cache statistics: [DefaultContextCache@1f9f6368 size = 1, maxSize = 32, parentContextCount = 0, hitCount = 6, missCount = 1]
2020-01-29 00:07:00 [ main:1156 ] - [ DEBUG ] After test class: context [DefaultTestContext@394e1a0f testClass = SpringTest, testInstance = [null], testMethod = [null], testException = [null], mergedContextConfiguration = [MergedContextConfiguration@27a5f880 testClass = SpringTest, locations = '{}', classes = '{class com.yuntian.spring.mybatis.config.AppConfig}', contextInitializerClasses = '[]', activeProfiles = '{}', propertySourceLocations = '{}', propertySourceProperties = '{}', contextCustomizers = set[[empty]], contextLoader = 'org.springframework.test.context.support.DelegatingSmartContextLoader', parent = [null]], attributes = map[[empty]]], class annotated with @DirtiesContext [false] with mode [null].
2020-01-29 00:07:00 [ SpringContextShutdownHook:1159 ] - [ DEBUG ] Closing org.springframework.context.support.GenericApplicationContext@36b4cef0, started on Wed Jan 29 00:06:59 CST 2020
2020-01-29 00:17:37 [ main:0 ] - [ DEBUG ] SpringJUnit4ClassRunner constructor called with [class SpringTest]
2020-01-29 00:17:37 [ main:5 ] - [ DEBUG ] Instantiating CacheAwareContextLoaderDelegate from class [org.springframework.test.context.cache.DefaultCacheAwareContextLoaderDelegate]
2020-01-29 00:17:37 [ main:13 ] - [ DEBUG ] Instantiating BootstrapContext using constructor [public org.springframework.test.context.support.DefaultBootstrapContext(java.lang.Class,org.springframework.test.context.CacheAwareContextLoaderDelegate)]
2020-01-29 00:17:37 [ main:44 ] - [ DEBUG ] Instantiating TestContextBootstrapper for test class [SpringTest] from class [org.springframework.test.context.support.DefaultTestContextBootstrapper]
2020-01-29 00:17:37 [ main:67 ] - [ DEBUG ] Delegating to AnnotationConfigContextLoader to process context configuration [ContextConfigurationAttributes@2f686d1f declaringClass = 'SpringTest', classes = '{class com.yuntian.spring.mybatis.config.AppConfig}', locations = '{}', inheritLocations = true, initializers = '{}', inheritInitializers = true, name = [null], contextLoaderClass = 'org.springframework.test.context.ContextLoader'].
2020-01-29 00:17:37 [ main:83 ] - [ DEBUG ] Could not find an 'annotation declaring class' for annotation type [org.springframework.test.context.ActiveProfiles] and class [SpringTest]
2020-01-29 00:17:37 [ main:84 ] - [ DEBUG ] @TestExecutionListeners is not present for class [SpringTest]: using defaults.
2020-01-29 00:17:37 [ main:85 ] - [ INFO ] Loaded default TestExecutionListener class names from location [META-INF/spring.factories]: [org.springframework.test.context.web.ServletTestExecutionListener, org.springframework.test.context.support.DirtiesContextBeforeModesTestExecutionListener, org.springframework.test.context.support.DependencyInjectionTestExecutionListener, org.springframework.test.context.support.DirtiesContextTestExecutionListener, org.springframework.test.context.transaction.TransactionalTestExecutionListener, org.springframework.test.context.jdbc.SqlScriptsTestExecutionListener, org.springframework.test.context.event.EventPublishingTestExecutionListener]
2020-01-29 00:17:37 [ main:89 ] - [ DEBUG ] Skipping candidate TestExecutionListener [org.springframework.test.context.web.ServletTestExecutionListener] due to a missing dependency. Specify custom listener classes or make the default listener classes and their required dependencies available. Offending class: [javax/servlet/ServletContext]
2020-01-29 00:17:37 [ main:95 ] - [ INFO ] Using TestExecutionListeners: [org.springframework.test.context.support.DirtiesContextBeforeModesTestExecutionListener@6e6c3152, org.springframework.test.context.support.DependencyInjectionTestExecutionListener@50b494a6, org.springframework.test.context.support.DirtiesContextTestExecutionListener@3cef309d, org.springframework.test.context.transaction.TransactionalTestExecutionListener@32709393, org.springframework.test.context.jdbc.SqlScriptsTestExecutionListener@3d99d22e, org.springframework.test.context.event.EventPublishingTestExecutionListener@49fc609f]
2020-01-29 00:17:37 [ main:97 ] - [ DEBUG ] Retrieved @ProfileValueSourceConfiguration [null] for test class [SpringTest]
2020-01-29 00:17:37 [ main:98 ] - [ DEBUG ] Retrieved ProfileValueSource type [class org.springframework.test.annotation.SystemProfileValueSource] for class [SpringTest]
2020-01-29 00:17:37 [ main:106 ] - [ DEBUG ] Retrieved @ProfileValueSourceConfiguration [null] for test class [SpringTest]
2020-01-29 00:17:37 [ main:106 ] - [ DEBUG ] Retrieved ProfileValueSource type [class org.springframework.test.annotation.SystemProfileValueSource] for class [SpringTest]
2020-01-29 00:17:37 [ main:107 ] - [ DEBUG ] Retrieved @ProfileValueSourceConfiguration [null] for test class [SpringTest]
2020-01-29 00:17:37 [ main:108 ] - [ DEBUG ] Retrieved ProfileValueSource type [class org.springframework.test.annotation.SystemProfileValueSource] for class [SpringTest]
2020-01-29 00:17:37 [ main:109 ] - [ DEBUG ] Retrieved @ProfileValueSourceConfiguration [null] for test class [SpringTest]
2020-01-29 00:17:37 [ main:109 ] - [ DEBUG ] Retrieved ProfileValueSource type [class org.springframework.test.annotation.SystemProfileValueSource] for class [SpringTest]
2020-01-29 00:17:37 [ main:111 ] - [ DEBUG ] Before test class: context [DefaultTestContext@394e1a0f testClass = SpringTest, testInstance = [null], testMethod = [null], testException = [null], mergedContextConfiguration = [MergedContextConfiguration@27a5f880 testClass = SpringTest, locations = '{}', classes = '{class com.yuntian.spring.mybatis.config.AppConfig}', contextInitializerClasses = '[]', activeProfiles = '{}', propertySourceLocations = '{}', propertySourceProperties = '{}', contextCustomizers = set[[empty]], contextLoader = 'org.springframework.test.context.support.DelegatingSmartContextLoader', parent = [null]], attributes = map[[empty]]], class annotated with @DirtiesContext [false] with mode [null].
2020-01-29 00:17:37 [ main:113 ] - [ DEBUG ] Retrieved @ProfileValueSourceConfiguration [null] for test class [SpringTest]
2020-01-29 00:17:37 [ main:113 ] - [ DEBUG ] Retrieved ProfileValueSource type [class org.springframework.test.annotation.SystemProfileValueSource] for class [SpringTest]
2020-01-29 00:17:37 [ main:115 ] - [ DEBUG ] Performing dependency injection for test context [[DefaultTestContext@394e1a0f testClass = SpringTest, testInstance = SpringTest@2d8f65a4, testMethod = [null], testException = [null], mergedContextConfiguration = [MergedContextConfiguration@27a5f880 testClass = SpringTest, locations = '{}', classes = '{class com.yuntian.spring.mybatis.config.AppConfig}', contextInitializerClasses = '[]', activeProfiles = '{}', propertySourceLocations = '{}', propertySourceProperties = '{}', contextCustomizers = set[[empty]], contextLoader = 'org.springframework.test.context.support.DelegatingSmartContextLoader', parent = [null]], attributes = map[[empty]]]].
2020-01-29 00:17:37 [ main:115 ] - [ DEBUG ] Delegating to AnnotationConfigContextLoader to load context from [MergedContextConfiguration@27a5f880 testClass = SpringTest, locations = '{}', classes = '{class com.yuntian.spring.mybatis.config.AppConfig}', contextInitializerClasses = '[]', activeProfiles = '{}', propertySourceLocations = '{}', propertySourceProperties = '{}', contextCustomizers = set[[empty]], contextLoader = 'org.springframework.test.context.support.DelegatingSmartContextLoader', parent = [null]].
2020-01-29 00:17:37 [ main:116 ] - [ DEBUG ] Loading ApplicationContext for merged context configuration [[MergedContextConfiguration@27a5f880 testClass = SpringTest, locations = '{}', classes = '{class com.yuntian.spring.mybatis.config.AppConfig}', contextInitializerClasses = '[]', activeProfiles = '{}', propertySourceLocations = '{}', propertySourceProperties = '{}', contextCustomizers = set[[empty]], contextLoader = 'org.springframework.test.context.support.DelegatingSmartContextLoader', parent = [null]]].
2020-01-29 00:17:37 [ main:153 ] - [ DEBUG ] Activating profiles []
2020-01-29 00:17:37 [ main:154 ] - [ DEBUG ] Registering component classes: {class com.yuntian.spring.mybatis.config.AppConfig}
2020-01-29 00:17:37 [ main:187 ] - [ DEBUG ] Refreshing org.springframework.context.support.GenericApplicationContext@36b4cef0
2020-01-29 00:17:37 [ main:201 ] - [ DEBUG ] Creating shared instance of singleton bean 'org.springframework.context.annotation.internalConfigurationAnnotationProcessor'
2020-01-29 00:17:37 [ main:274 ] - [ DEBUG ] Identified candidate component class: file [F:\IT\java\work\zhuangti\mybatis-study\mybatis-spring\target\classes\com\yuntian\spring\mybatis\config\DataSourceConfig.class]
2020-01-29 00:17:37 [ main:281 ] - [ DEBUG ] Identified candidate component class: file [F:\IT\java\work\zhuangti\mybatis-study\mybatis-spring\target\classes\com\yuntian\spring\mybatis\config\MyBatisConfig.class]
2020-01-29 00:17:37 [ main:284 ] - [ DEBUG ] Identified candidate component class: file [F:\IT\java\work\zhuangti\mybatis-study\mybatis-spring\target\classes\com\yuntian\spring\mybatis\service\impl\UserLoginLogServiceImpl.class]
2020-01-29 00:17:37 [ main:336 ] - [ DEBUG ] Creating shared instance of singleton bean 'com.yuntian.spring.mybatis.config.MyBatisConfig#MapperScannerRegistrar#0'
2020-01-29 00:17:37 [ main:377 ] - [ DEBUG ] Logging initialized using 'class org.apache.ibatis.logging.slf4j.Slf4jImpl' adapter.
2020-01-29 00:17:37 [ main:381 ] - [ DEBUG ] Identified candidate component class: file [F:\IT\java\work\zhuangti\mybatis-study\mybatis-spring\target\classes\com\yuntian\spring\mybatis\dao\UserLoginLogDao.class]
2020-01-29 00:17:37 [ main:382 ] - [ DEBUG ] Creating MapperFactoryBean with name 'userLoginLogDao' and 'com.yuntian.spring.mybatis.dao.UserLoginLogDao' mapperInterface
2020-01-29 00:17:37 [ main:384 ] - [ DEBUG ] Enabling autowire by type for MapperFactoryBean with name 'userLoginLogDao'.
2020-01-29 00:17:37 [ main:495 ] - [ DEBUG ] Creating shared instance of singleton bean 'org.springframework.context.event.internalEventListenerProcessor'
2020-01-29 00:17:37 [ main:497 ] - [ DEBUG ] Creating shared instance of singleton bean 'org.springframework.context.event.internalEventListenerFactory'
2020-01-29 00:17:37 [ main:502 ] - [ DEBUG ] Creating shared instance of singleton bean 'org.springframework.context.annotation.internalAutowiredAnnotationProcessor'
2020-01-29 00:17:37 [ main:505 ] - [ DEBUG ] Creating shared instance of singleton bean 'org.springframework.context.annotation.internalCommonAnnotationProcessor'
2020-01-29 00:17:37 [ main:520 ] - [ DEBUG ] Creating shared instance of singleton bean 'appConfig'
2020-01-29 00:17:37 [ main:529 ] - [ DEBUG ] Creating shared instance of singleton bean 'dataSourceConfig'
2020-01-29 00:17:37 [ main:542 ] - [ DEBUG ] Found key 'jdbc.url' in PropertySource 'class path resource [jdbc.properties]' with value of type String
2020-01-29 00:17:37 [ main:544 ] - [ DEBUG ] Found key 'jdbc.driver' in PropertySource 'class path resource [jdbc.properties]' with value of type String
2020-01-29 00:17:37 [ main:546 ] - [ DEBUG ] Found key 'jdbc.userName' in PropertySource 'class path resource [jdbc.properties]' with value of type String
2020-01-29 00:17:37 [ main:547 ] - [ DEBUG ] Found key 'jdbc.passWord' in PropertySource 'class path resource [jdbc.properties]' with value of type String
2020-01-29 00:17:37 [ main:547 ] - [ DEBUG ] Creating shared instance of singleton bean 'myBatisConfig'
2020-01-29 00:17:37 [ main:549 ] - [ DEBUG ] Creating shared instance of singleton bean 'userLoginLogService'
2020-01-29 00:17:37 [ main:553 ] - [ DEBUG ] Creating shared instance of singleton bean 'userLoginLogDao'
2020-01-29 00:17:37 [ main:577 ] - [ DEBUG ] Creating shared instance of singleton bean 'sqlSessionFactoryBean'
2020-01-29 00:17:37 [ main:579 ] - [ DEBUG ] Creating shared instance of singleton bean 'getDataSource'
2020-01-29 00:17:37 [ main:601 ] - [ DEBUG ] Loaded JDBC driver: com.mysql.cj.jdbc.Driver
2020-01-29 00:17:37 [ main:605 ] - [ DEBUG ] Autowiring by type from bean name 'sqlSessionFactoryBean' via factory method to bean named 'getDataSource'
2020-01-29 00:17:37 [ main:621 ] - [ DEBUG ] Property 'configuration' or 'configLocation' not specified, using default MyBatis Configuration
2020-01-29 00:17:37 [ main:826 ] - [ DEBUG ] Parsed mapper file: 'file [F:\IT\java\work\zhuangti\mybatis-study\mybatis-spring\target\classes\mapper\UserLoginLogMapper.xml]'
2020-01-29 00:17:37 [ main:857 ] - [ DEBUG ] Storing ApplicationContext [917819120] in cache under key [[MergedContextConfiguration@27a5f880 testClass = SpringTest, locations = '{}', classes = '{class com.yuntian.spring.mybatis.config.AppConfig}', contextInitializerClasses = '[]', activeProfiles = '{}', propertySourceLocations = '{}', propertySourceProperties = '{}', contextCustomizers = set[[empty]], contextLoader = 'org.springframework.test.context.support.DelegatingSmartContextLoader', parent = [null]]]
2020-01-29 00:17:37 [ main:858 ] - [ DEBUG ] Spring test ApplicationContext cache statistics: [DefaultContextCache@1f9f6368 size = 1, maxSize = 32, parentContextCount = 0, hitCount = 0, missCount = 1]
2020-01-29 00:17:37 [ main:859 ] - [ DEBUG ] Retrieved ApplicationContext [917819120] from cache with key [[MergedContextConfiguration@27a5f880 testClass = SpringTest, locations = '{}', classes = '{class com.yuntian.spring.mybatis.config.AppConfig}', contextInitializerClasses = '[]', activeProfiles = '{}', propertySourceLocations = '{}', propertySourceProperties = '{}', contextCustomizers = set[[empty]], contextLoader = 'org.springframework.test.context.support.DelegatingSmartContextLoader', parent = [null]]]
2020-01-29 00:17:37 [ main:860 ] - [ DEBUG ] Spring test ApplicationContext cache statistics: [DefaultContextCache@1f9f6368 size = 1, maxSize = 32, parentContextCount = 0, hitCount = 1, missCount = 1]
2020-01-29 00:17:37 [ main:863 ] - [ DEBUG ] Before test method: context [DefaultTestContext@394e1a0f testClass = SpringTest, testInstance = SpringTest@2d8f65a4, testMethod = testUserLoginLogService@SpringTest, testException = [null], mergedContextConfiguration = [MergedContextConfiguration@27a5f880 testClass = SpringTest, locations = '{}', classes = '{class com.yuntian.spring.mybatis.config.AppConfig}', contextInitializerClasses = '[]', activeProfiles = '{}', propertySourceLocations = '{}', propertySourceProperties = '{}', contextCustomizers = set[[empty]], contextLoader = 'org.springframework.test.context.support.DelegatingSmartContextLoader', parent = [null]], attributes = map[[empty]]], class annotated with @DirtiesContext [false] with mode [null], method annotated with @DirtiesContext [false] with mode [null].
2020-01-29 00:17:37 [ main:869 ] - [ DEBUG ] Retrieved ApplicationContext [917819120] from cache with key [[MergedContextConfiguration@27a5f880 testClass = SpringTest, locations = '{}', classes = '{class com.yuntian.spring.mybatis.config.AppConfig}', contextInitializerClasses = '[]', activeProfiles = '{}', propertySourceLocations = '{}', propertySourceProperties = '{}', contextCustomizers = set[[empty]], contextLoader = 'org.springframework.test.context.support.DelegatingSmartContextLoader', parent = [null]]]
2020-01-29 00:17:37 [ main:869 ] - [ DEBUG ] Spring test ApplicationContext cache statistics: [DefaultContextCache@1f9f6368 size = 1, maxSize = 32, parentContextCount = 0, hitCount = 2, missCount = 1]
2020-01-29 00:17:37 [ main:870 ] - [ DEBUG ] Retrieved ApplicationContext [917819120] from cache with key [[MergedContextConfiguration@27a5f880 testClass = SpringTest, locations = '{}', classes = '{class com.yuntian.spring.mybatis.config.AppConfig}', contextInitializerClasses = '[]', activeProfiles = '{}', propertySourceLocations = '{}', propertySourceProperties = '{}', contextCustomizers = set[[empty]], contextLoader = 'org.springframework.test.context.support.DelegatingSmartContextLoader', parent = [null]]]
2020-01-29 00:17:37 [ main:871 ] - [ DEBUG ] Spring test ApplicationContext cache statistics: [DefaultContextCache@1f9f6368 size = 1, maxSize = 32, parentContextCount = 0, hitCount = 3, missCount = 1]
2020-01-29 00:17:37 [ main:878 ] - [ DEBUG ] Creating a new SqlSession
2020-01-29 00:17:37 [ main:883 ] - [ DEBUG ] SqlSession [org.apache.ibatis.session.defaults.DefaultSqlSession@62656be4] was not registered for synchronization because synchronization is not active
2020-01-29 00:17:37 [ main:890 ] - [ DEBUG ] Fetching JDBC Connection from DataSource
2020-01-29 00:17:37 [ main:891 ] - [ DEBUG ] Creating new JDBC DriverManager Connection to [jdbc:mysql://localhost:33006/big_data?useUnicode=true&characterEncoding=UTF8&useSSL=false&serverTimezone=Asia/Shanghai]
2020-01-29 00:17:38 [ main:1058 ] - [ DEBUG ] JDBC Connection [com.mysql.cj.jdbc.ConnectionImpl@36060e] will not be managed by Spring
2020-01-29 00:17:38 [ main:1063 ] - [ DEBUG ] ==>  Preparing: select id, un_id, user_id, ip, mac, login_time, create_id, create_time, update_id, update_time, is_delete from big_data.user_login_log where id = ? 
2020-01-29 00:17:38 [ main:1082 ] - [ DEBUG ] ==> Parameters: 100000(Long)
2020-01-29 00:17:38 [ main:1096 ] - [ DEBUG ] <==      Total: 1
2020-01-29 00:17:38 [ main:1096 ] - [ DEBUG ] Closing non transactional SqlSession [org.apache.ibatis.session.defaults.DefaultSqlSession@62656be4]
2020-01-29 00:17:38 [ main:1193 ] - [ DEBUG ] Retrieved ApplicationContext [917819120] from cache with key [[MergedContextConfiguration@27a5f880 testClass = SpringTest, locations = '{}', classes = '{class com.yuntian.spring.mybatis.config.AppConfig}', contextInitializerClasses = '[]', activeProfiles = '{}', propertySourceLocations = '{}', propertySourceProperties = '{}', contextCustomizers = set[[empty]], contextLoader = 'org.springframework.test.context.support.DelegatingSmartContextLoader', parent = [null]]]
2020-01-29 00:17:38 [ main:1194 ] - [ DEBUG ] Spring test ApplicationContext cache statistics: [DefaultContextCache@1f9f6368 size = 1, maxSize = 32, parentContextCount = 0, hitCount = 4, missCount = 1]
2020-01-29 00:17:38 [ main:1195 ] - [ DEBUG ] Retrieved ApplicationContext [917819120] from cache with key [[MergedContextConfiguration@27a5f880 testClass = SpringTest, locations = '{}', classes = '{class com.yuntian.spring.mybatis.config.AppConfig}', contextInitializerClasses = '[]', activeProfiles = '{}', propertySourceLocations = '{}', propertySourceProperties = '{}', contextCustomizers = set[[empty]], contextLoader = 'org.springframework.test.context.support.DelegatingSmartContextLoader', parent = [null]]]
2020-01-29 00:17:38 [ main:1195 ] - [ DEBUG ] Spring test ApplicationContext cache statistics: [DefaultContextCache@1f9f6368 size = 1, maxSize = 32, parentContextCount = 0, hitCount = 5, missCount = 1]
2020-01-29 00:17:38 [ main:1196 ] - [ DEBUG ] After test method: context [DefaultTestContext@394e1a0f testClass = SpringTest, testInstance = SpringTest@2d8f65a4, testMethod = testUserLoginLogService@SpringTest, testException = [null], mergedContextConfiguration = [MergedContextConfiguration@27a5f880 testClass = SpringTest, locations = '{}', classes = '{class com.yuntian.spring.mybatis.config.AppConfig}', contextInitializerClasses = '[]', activeProfiles = '{}', propertySourceLocations = '{}', propertySourceProperties = '{}', contextCustomizers = set[[empty]], contextLoader = 'org.springframework.test.context.support.DelegatingSmartContextLoader', parent = [null]], attributes = map[[empty]]], class annotated with @DirtiesContext [false] with mode [null], method annotated with @DirtiesContext [false] with mode [null].
2020-01-29 00:17:38 [ main:1197 ] - [ DEBUG ] Retrieved ApplicationContext [917819120] from cache with key [[MergedContextConfiguration@27a5f880 testClass = SpringTest, locations = '{}', classes = '{class com.yuntian.spring.mybatis.config.AppConfig}', contextInitializerClasses = '[]', activeProfiles = '{}', propertySourceLocations = '{}', propertySourceProperties = '{}', contextCustomizers = set[[empty]], contextLoader = 'org.springframework.test.context.support.DelegatingSmartContextLoader', parent = [null]]]
2020-01-29 00:17:38 [ main:1197 ] - [ DEBUG ] Spring test ApplicationContext cache statistics: [DefaultContextCache@1f9f6368 size = 1, maxSize = 32, parentContextCount = 0, hitCount = 6, missCount = 1]
2020-01-29 00:17:38 [ main:1199 ] - [ DEBUG ] After test class: context [DefaultTestContext@394e1a0f testClass = SpringTest, testInstance = [null], testMethod = [null], testException = [null], mergedContextConfiguration = [MergedContextConfiguration@27a5f880 testClass = SpringTest, locations = '{}', classes = '{class com.yuntian.spring.mybatis.config.AppConfig}', contextInitializerClasses = '[]', activeProfiles = '{}', propertySourceLocations = '{}', propertySourceProperties = '{}', contextCustomizers = set[[empty]], contextLoader = 'org.springframework.test.context.support.DelegatingSmartContextLoader', parent = [null]], attributes = map[[empty]]], class annotated with @DirtiesContext [false] with mode [null].
2020-01-29 00:17:38 [ SpringContextShutdownHook:1202 ] - [ DEBUG ] Closing org.springframework.context.support.GenericApplicationContext@36b4cef0, started on Wed Jan 29 00:17:37 CST 2020
2020-01-29 00:17:52 [ main:0 ] - [ DEBUG ] SpringJUnit4ClassRunner constructor called with [class SpringTest]
2020-01-29 00:17:52 [ main:5 ] - [ DEBUG ] Instantiating CacheAwareContextLoaderDelegate from class [org.springframework.test.context.cache.DefaultCacheAwareContextLoaderDelegate]
2020-01-29 00:17:52 [ main:13 ] - [ DEBUG ] Instantiating BootstrapContext using constructor [public org.springframework.test.context.support.DefaultBootstrapContext(java.lang.Class,org.springframework.test.context.CacheAwareContextLoaderDelegate)]
2020-01-29 00:17:52 [ main:47 ] - [ DEBUG ] Instantiating TestContextBootstrapper for test class [SpringTest] from class [org.springframework.test.context.support.DefaultTestContextBootstrapper]
2020-01-29 00:17:52 [ main:77 ] - [ DEBUG ] Delegating to AnnotationConfigContextLoader to process context configuration [ContextConfigurationAttributes@2f686d1f declaringClass = 'SpringTest', classes = '{class com.yuntian.spring.mybatis.config.AppConfig}', locations = '{}', inheritLocations = true, initializers = '{}', inheritInitializers = true, name = [null], contextLoaderClass = 'org.springframework.test.context.ContextLoader'].
2020-01-29 00:17:52 [ main:92 ] - [ DEBUG ] Could not find an 'annotation declaring class' for annotation type [org.springframework.test.context.ActiveProfiles] and class [SpringTest]
2020-01-29 00:17:52 [ main:93 ] - [ DEBUG ] @TestExecutionListeners is not present for class [SpringTest]: using defaults.
2020-01-29 00:17:52 [ main:93 ] - [ INFO ] Loaded default TestExecutionListener class names from location [META-INF/spring.factories]: [org.springframework.test.context.web.ServletTestExecutionListener, org.springframework.test.context.support.DirtiesContextBeforeModesTestExecutionListener, org.springframework.test.context.support.DependencyInjectionTestExecutionListener, org.springframework.test.context.support.DirtiesContextTestExecutionListener, org.springframework.test.context.transaction.TransactionalTestExecutionListener, org.springframework.test.context.jdbc.SqlScriptsTestExecutionListener, org.springframework.test.context.event.EventPublishingTestExecutionListener]
2020-01-29 00:17:52 [ main:97 ] - [ DEBUG ] Skipping candidate TestExecutionListener [org.springframework.test.context.web.ServletTestExecutionListener] due to a missing dependency. Specify custom listener classes or make the default listener classes and their required dependencies available. Offending class: [javax/servlet/ServletContext]
2020-01-29 00:17:52 [ main:104 ] - [ INFO ] Using TestExecutionListeners: [org.springframework.test.context.support.DirtiesContextBeforeModesTestExecutionListener@6e6c3152, org.springframework.test.context.support.DependencyInjectionTestExecutionListener@50b494a6, org.springframework.test.context.support.DirtiesContextTestExecutionListener@3cef309d, org.springframework.test.context.transaction.TransactionalTestExecutionListener@32709393, org.springframework.test.context.jdbc.SqlScriptsTestExecutionListener@3d99d22e, org.springframework.test.context.event.EventPublishingTestExecutionListener@49fc609f]
2020-01-29 00:17:52 [ main:106 ] - [ DEBUG ] Retrieved @ProfileValueSourceConfiguration [null] for test class [SpringTest]
2020-01-29 00:17:52 [ main:107 ] - [ DEBUG ] Retrieved ProfileValueSource type [class org.springframework.test.annotation.SystemProfileValueSource] for class [SpringTest]
2020-01-29 00:17:52 [ main:115 ] - [ DEBUG ] Retrieved @ProfileValueSourceConfiguration [null] for test class [SpringTest]
2020-01-29 00:17:52 [ main:115 ] - [ DEBUG ] Retrieved ProfileValueSource type [class org.springframework.test.annotation.SystemProfileValueSource] for class [SpringTest]
2020-01-29 00:17:52 [ main:116 ] - [ DEBUG ] Retrieved @ProfileValueSourceConfiguration [null] for test class [SpringTest]
2020-01-29 00:17:52 [ main:117 ] - [ DEBUG ] Retrieved ProfileValueSource type [class org.springframework.test.annotation.SystemProfileValueSource] for class [SpringTest]
2020-01-29 00:17:52 [ main:118 ] - [ DEBUG ] Retrieved @ProfileValueSourceConfiguration [null] for test class [SpringTest]
2020-01-29 00:17:52 [ main:119 ] - [ DEBUG ] Retrieved ProfileValueSource type [class org.springframework.test.annotation.SystemProfileValueSource] for class [SpringTest]
2020-01-29 00:17:52 [ main:121 ] - [ DEBUG ] Before test class: context [DefaultTestContext@394e1a0f testClass = SpringTest, testInstance = [null], testMethod = [null], testException = [null], mergedContextConfiguration = [MergedContextConfiguration@27a5f880 testClass = SpringTest, locations = '{}', classes = '{class com.yuntian.spring.mybatis.config.AppConfig}', contextInitializerClasses = '[]', activeProfiles = '{}', propertySourceLocations = '{}', propertySourceProperties = '{}', contextCustomizers = set[[empty]], contextLoader = 'org.springframework.test.context.support.DelegatingSmartContextLoader', parent = [null]], attributes = map[[empty]]], class annotated with @DirtiesContext [false] with mode [null].
2020-01-29 00:17:52 [ main:123 ] - [ DEBUG ] Retrieved @ProfileValueSourceConfiguration [null] for test class [SpringTest]
2020-01-29 00:17:52 [ main:123 ] - [ DEBUG ] Retrieved ProfileValueSource type [class org.springframework.test.annotation.SystemProfileValueSource] for class [SpringTest]
2020-01-29 00:17:52 [ main:125 ] - [ DEBUG ] Performing dependency injection for test context [[DefaultTestContext@394e1a0f testClass = SpringTest, testInstance = SpringTest@2d8f65a4, testMethod = [null], testException = [null], mergedContextConfiguration = [MergedContextConfiguration@27a5f880 testClass = SpringTest, locations = '{}', classes = '{class com.yuntian.spring.mybatis.config.AppConfig}', contextInitializerClasses = '[]', activeProfiles = '{}', propertySourceLocations = '{}', propertySourceProperties = '{}', contextCustomizers = set[[empty]], contextLoader = 'org.springframework.test.context.support.DelegatingSmartContextLoader', parent = [null]], attributes = map[[empty]]]].
2020-01-29 00:17:52 [ main:126 ] - [ DEBUG ] Delegating to AnnotationConfigContextLoader to load context from [MergedContextConfiguration@27a5f880 testClass = SpringTest, locations = '{}', classes = '{class com.yuntian.spring.mybatis.config.AppConfig}', contextInitializerClasses = '[]', activeProfiles = '{}', propertySourceLocations = '{}', propertySourceProperties = '{}', contextCustomizers = set[[empty]], contextLoader = 'org.springframework.test.context.support.DelegatingSmartContextLoader', parent = [null]].
2020-01-29 00:17:52 [ main:126 ] - [ DEBUG ] Loading ApplicationContext for merged context configuration [[MergedContextConfiguration@27a5f880 testClass = SpringTest, locations = '{}', classes = '{class com.yuntian.spring.mybatis.config.AppConfig}', contextInitializerClasses = '[]', activeProfiles = '{}', propertySourceLocations = '{}', propertySourceProperties = '{}', contextCustomizers = set[[empty]], contextLoader = 'org.springframework.test.context.support.DelegatingSmartContextLoader', parent = [null]]].
2020-01-29 00:17:52 [ main:168 ] - [ DEBUG ] Activating profiles []
2020-01-29 00:17:52 [ main:168 ] - [ DEBUG ] Registering component classes: {class com.yuntian.spring.mybatis.config.AppConfig}
2020-01-29 00:17:52 [ main:200 ] - [ DEBUG ] Refreshing org.springframework.context.support.GenericApplicationContext@36b4cef0
2020-01-29 00:17:52 [ main:212 ] - [ DEBUG ] Creating shared instance of singleton bean 'org.springframework.context.annotation.internalConfigurationAnnotationProcessor'
2020-01-29 00:17:52 [ main:281 ] - [ DEBUG ] Identified candidate component class: file [F:\IT\java\work\zhuangti\mybatis-study\mybatis-spring\target\classes\com\yuntian\spring\mybatis\config\DataSourceConfig.class]
2020-01-29 00:17:52 [ main:289 ] - [ DEBUG ] Identified candidate component class: file [F:\IT\java\work\zhuangti\mybatis-study\mybatis-spring\target\classes\com\yuntian\spring\mybatis\config\MyBatisConfig.class]
2020-01-29 00:17:52 [ main:292 ] - [ DEBUG ] Identified candidate component class: file [F:\IT\java\work\zhuangti\mybatis-study\mybatis-spring\target\classes\com\yuntian\spring\mybatis\service\impl\UserLoginLogServiceImpl.class]
2020-01-29 00:17:52 [ main:345 ] - [ DEBUG ] Creating shared instance of singleton bean 'com.yuntian.spring.mybatis.config.MyBatisConfig#MapperScannerRegistrar#0'
2020-01-29 00:17:52 [ main:374 ] - [ DEBUG ] Logging initialized using 'class org.apache.ibatis.logging.slf4j.Slf4jImpl' adapter.
2020-01-29 00:17:52 [ main:377 ] - [ DEBUG ] Identified candidate component class: file [F:\IT\java\work\zhuangti\mybatis-study\mybatis-spring\target\classes\com\yuntian\spring\mybatis\dao\UserLoginLogDao.class]
2020-01-29 00:17:52 [ main:378 ] - [ DEBUG ] Creating MapperFactoryBean with name 'userLoginLogDao' and 'com.yuntian.spring.mybatis.dao.UserLoginLogDao' mapperInterface
2020-01-29 00:17:52 [ main:381 ] - [ DEBUG ] Enabling autowire by type for MapperFactoryBean with name 'userLoginLogDao'.
2020-01-29 00:17:52 [ main:460 ] - [ DEBUG ] Creating shared instance of singleton bean 'org.springframework.context.event.internalEventListenerProcessor'
2020-01-29 00:17:52 [ main:463 ] - [ DEBUG ] Creating shared instance of singleton bean 'org.springframework.context.event.internalEventListenerFactory'
2020-01-29 00:17:52 [ main:467 ] - [ DEBUG ] Creating shared instance of singleton bean 'org.springframework.context.annotation.internalAutowiredAnnotationProcessor'
2020-01-29 00:17:52 [ main:470 ] - [ DEBUG ] Creating shared instance of singleton bean 'org.springframework.context.annotation.internalCommonAnnotationProcessor'
2020-01-29 00:17:52 [ main:483 ] - [ DEBUG ] Creating shared instance of singleton bean 'appConfig'
2020-01-29 00:17:52 [ main:491 ] - [ DEBUG ] Creating shared instance of singleton bean 'dataSourceConfig'
2020-01-29 00:17:52 [ main:499 ] - [ DEBUG ] Found key 'jdbc.url' in PropertySource 'class path resource [jdbc.properties]' with value of type String
2020-01-29 00:17:52 [ main:501 ] - [ DEBUG ] Found key 'jdbc.driver' in PropertySource 'class path resource [jdbc.properties]' with value of type String
2020-01-29 00:17:52 [ main:502 ] - [ DEBUG ] Found key 'jdbc.userName' in PropertySource 'class path resource [jdbc.properties]' with value of type String
2020-01-29 00:17:52 [ main:502 ] - [ DEBUG ] Found key 'jdbc.passWord' in PropertySource 'class path resource [jdbc.properties]' with value of type String
2020-01-29 00:17:52 [ main:503 ] - [ DEBUG ] Creating shared instance of singleton bean 'myBatisConfig'
2020-01-29 00:17:52 [ main:504 ] - [ DEBUG ] Creating shared instance of singleton bean 'userLoginLogService'
2020-01-29 00:17:52 [ main:507 ] - [ DEBUG ] Creating shared instance of singleton bean 'userLoginLogDao'
2020-01-29 00:17:52 [ main:527 ] - [ DEBUG ] Creating shared instance of singleton bean 'sqlSessionFactoryBean'
2020-01-29 00:17:52 [ main:529 ] - [ DEBUG ] Creating shared instance of singleton bean 'getDataSource'
2020-01-29 00:17:52 [ main:545 ] - [ DEBUG ] Loaded JDBC driver: com.mysql.cj.jdbc.Driver
2020-01-29 00:17:52 [ main:548 ] - [ DEBUG ] Autowiring by type from bean name 'sqlSessionFactoryBean' via factory method to bean named 'getDataSource'
2020-01-29 00:17:52 [ main:562 ] - [ DEBUG ] Property 'configuration' or 'configLocation' not specified, using default MyBatis Configuration
2020-01-29 00:17:53 [ main:743 ] - [ DEBUG ] Parsed mapper file: 'file [F:\IT\java\work\zhuangti\mybatis-study\mybatis-spring\target\classes\mapper\UserLoginLogMapper.xml]'
2020-01-29 00:17:53 [ main:772 ] - [ DEBUG ] Storing ApplicationContext [917819120] in cache under key [[MergedContextConfiguration@27a5f880 testClass = SpringTest, locations = '{}', classes = '{class com.yuntian.spring.mybatis.config.AppConfig}', contextInitializerClasses = '[]', activeProfiles = '{}', propertySourceLocations = '{}', propertySourceProperties = '{}', contextCustomizers = set[[empty]], contextLoader = 'org.springframework.test.context.support.DelegatingSmartContextLoader', parent = [null]]]
2020-01-29 00:17:53 [ main:772 ] - [ DEBUG ] Spring test ApplicationContext cache statistics: [DefaultContextCache@1f9f6368 size = 1, maxSize = 32, parentContextCount = 0, hitCount = 0, missCount = 1]
2020-01-29 00:17:53 [ main:774 ] - [ DEBUG ] Retrieved ApplicationContext [917819120] from cache with key [[MergedContextConfiguration@27a5f880 testClass = SpringTest, locations = '{}', classes = '{class com.yuntian.spring.mybatis.config.AppConfig}', contextInitializerClasses = '[]', activeProfiles = '{}', propertySourceLocations = '{}', propertySourceProperties = '{}', contextCustomizers = set[[empty]], contextLoader = 'org.springframework.test.context.support.DelegatingSmartContextLoader', parent = [null]]]
2020-01-29 00:17:53 [ main:775 ] - [ DEBUG ] Spring test ApplicationContext cache statistics: [DefaultContextCache@1f9f6368 size = 1, maxSize = 32, parentContextCount = 0, hitCount = 1, missCount = 1]
2020-01-29 00:17:53 [ main:777 ] - [ DEBUG ] Before test method: context [DefaultTestContext@394e1a0f testClass = SpringTest, testInstance = SpringTest@2d8f65a4, testMethod = testUserLoginLogService@SpringTest, testException = [null], mergedContextConfiguration = [MergedContextConfiguration@27a5f880 testClass = SpringTest, locations = '{}', classes = '{class com.yuntian.spring.mybatis.config.AppConfig}', contextInitializerClasses = '[]', activeProfiles = '{}', propertySourceLocations = '{}', propertySourceProperties = '{}', contextCustomizers = set[[empty]], contextLoader = 'org.springframework.test.context.support.DelegatingSmartContextLoader', parent = [null]], attributes = map[[empty]]], class annotated with @DirtiesContext [false] with mode [null], method annotated with @DirtiesContext [false] with mode [null].
2020-01-29 00:17:53 [ main:783 ] - [ DEBUG ] Retrieved ApplicationContext [917819120] from cache with key [[MergedContextConfiguration@27a5f880 testClass = SpringTest, locations = '{}', classes = '{class com.yuntian.spring.mybatis.config.AppConfig}', contextInitializerClasses = '[]', activeProfiles = '{}', propertySourceLocations = '{}', propertySourceProperties = '{}', contextCustomizers = set[[empty]], contextLoader = 'org.springframework.test.context.support.DelegatingSmartContextLoader', parent = [null]]]
2020-01-29 00:17:53 [ main:783 ] - [ DEBUG ] Spring test ApplicationContext cache statistics: [DefaultContextCache@1f9f6368 size = 1, maxSize = 32, parentContextCount = 0, hitCount = 2, missCount = 1]
2020-01-29 00:17:53 [ main:784 ] - [ DEBUG ] Retrieved ApplicationContext [917819120] from cache with key [[MergedContextConfiguration@27a5f880 testClass = SpringTest, locations = '{}', classes = '{class com.yuntian.spring.mybatis.config.AppConfig}', contextInitializerClasses = '[]', activeProfiles = '{}', propertySourceLocations = '{}', propertySourceProperties = '{}', contextCustomizers = set[[empty]], contextLoader = 'org.springframework.test.context.support.DelegatingSmartContextLoader', parent = [null]]]
2020-01-29 00:17:53 [ main:785 ] - [ DEBUG ] Spring test ApplicationContext cache statistics: [DefaultContextCache@1f9f6368 size = 1, maxSize = 32, parentContextCount = 0, hitCount = 3, missCount = 1]
2020-01-29 00:17:53 [ main:792 ] - [ DEBUG ] Creating a new SqlSession
2020-01-29 00:17:53 [ main:796 ] - [ DEBUG ] SqlSession [org.apache.ibatis.session.defaults.DefaultSqlSession@62656be4] was not registered for synchronization because synchronization is not active
2020-01-29 00:17:53 [ main:804 ] - [ DEBUG ] Fetching JDBC Connection from DataSource
2020-01-29 00:17:53 [ main:805 ] - [ DEBUG ] Creating new JDBC DriverManager Connection to [jdbc:mysql://localhost:33006/big_data?useUnicode=true&characterEncoding=UTF8&useSSL=false&serverTimezone=Asia/Shanghai]
2020-01-29 00:17:53 [ main:972 ] - [ DEBUG ] JDBC Connection [com.mysql.cj.jdbc.ConnectionImpl@36060e] will not be managed by Spring
2020-01-29 00:17:53 [ main:975 ] - [ DEBUG ] ==>  Preparing: select id, un_id, user_id, ip, mac, login_time, create_id, create_time, update_id, update_time, is_delete from big_data.user_login_log where id = ? 
2020-01-29 00:17:53 [ main:991 ] - [ DEBUG ] ==> Parameters: 100000(Long)
2020-01-29 00:17:53 [ main:1003 ] - [ DEBUG ] <==      Total: 1
2020-01-29 00:17:53 [ main:1004 ] - [ DEBUG ] Closing non transactional SqlSession [org.apache.ibatis.session.defaults.DefaultSqlSession@62656be4]
2020-01-29 00:17:53 [ main:1105 ] - [ DEBUG ] Retrieved ApplicationContext [917819120] from cache with key [[MergedContextConfiguration@27a5f880 testClass = SpringTest, locations = '{}', classes = '{class com.yuntian.spring.mybatis.config.AppConfig}', contextInitializerClasses = '[]', activeProfiles = '{}', propertySourceLocations = '{}', propertySourceProperties = '{}', contextCustomizers = set[[empty]], contextLoader = 'org.springframework.test.context.support.DelegatingSmartContextLoader', parent = [null]]]
2020-01-29 00:17:53 [ main:1106 ] - [ DEBUG ] Spring test ApplicationContext cache statistics: [DefaultContextCache@1f9f6368 size = 1, maxSize = 32, parentContextCount = 0, hitCount = 4, missCount = 1]
2020-01-29 00:17:53 [ main:1107 ] - [ DEBUG ] Retrieved ApplicationContext [917819120] from cache with key [[MergedContextConfiguration@27a5f880 testClass = SpringTest, locations = '{}', classes = '{class com.yuntian.spring.mybatis.config.AppConfig}', contextInitializerClasses = '[]', activeProfiles = '{}', propertySourceLocations = '{}', propertySourceProperties = '{}', contextCustomizers = set[[empty]], contextLoader = 'org.springframework.test.context.support.DelegatingSmartContextLoader', parent = [null]]]
2020-01-29 00:17:53 [ main:1107 ] - [ DEBUG ] Spring test ApplicationContext cache statistics: [DefaultContextCache@1f9f6368 size = 1, maxSize = 32, parentContextCount = 0, hitCount = 5, missCount = 1]
2020-01-29 00:17:53 [ main:1108 ] - [ DEBUG ] After test method: context [DefaultTestContext@394e1a0f testClass = SpringTest, testInstance = SpringTest@2d8f65a4, testMethod = testUserLoginLogService@SpringTest, testException = [null], mergedContextConfiguration = [MergedContextConfiguration@27a5f880 testClass = SpringTest, locations = '{}', classes = '{class com.yuntian.spring.mybatis.config.AppConfig}', contextInitializerClasses = '[]', activeProfiles = '{}', propertySourceLocations = '{}', propertySourceProperties = '{}', contextCustomizers = set[[empty]], contextLoader = 'org.springframework.test.context.support.DelegatingSmartContextLoader', parent = [null]], attributes = map[[empty]]], class annotated with @DirtiesContext [false] with mode [null], method annotated with @DirtiesContext [false] with mode [null].
2020-01-29 00:17:53 [ main:1109 ] - [ DEBUG ] Retrieved ApplicationContext [917819120] from cache with key [[MergedContextConfiguration@27a5f880 testClass = SpringTest, locations = '{}', classes = '{class com.yuntian.spring.mybatis.config.AppConfig}', contextInitializerClasses = '[]', activeProfiles = '{}', propertySourceLocations = '{}', propertySourceProperties = '{}', contextCustomizers = set[[empty]], contextLoader = 'org.springframework.test.context.support.DelegatingSmartContextLoader', parent = [null]]]
2020-01-29 00:17:53 [ main:1109 ] - [ DEBUG ] Spring test ApplicationContext cache statistics: [DefaultContextCache@1f9f6368 size = 1, maxSize = 32, parentContextCount = 0, hitCount = 6, missCount = 1]
2020-01-29 00:17:53 [ main:1110 ] - [ DEBUG ] After test class: context [DefaultTestContext@394e1a0f testClass = SpringTest, testInstance = [null], testMethod = [null], testException = [null], mergedContextConfiguration = [MergedContextConfiguration@27a5f880 testClass = SpringTest, locations = '{}', classes = '{class com.yuntian.spring.mybatis.config.AppConfig}', contextInitializerClasses = '[]', activeProfiles = '{}', propertySourceLocations = '{}', propertySourceProperties = '{}', contextCustomizers = set[[empty]], contextLoader = 'org.springframework.test.context.support.DelegatingSmartContextLoader', parent = [null]], attributes = map[[empty]]], class annotated with @DirtiesContext [false] with mode [null].
2020-01-29 00:17:53 [ SpringContextShutdownHook:1113 ] - [ DEBUG ] Closing org.springframework.context.support.GenericApplicationContext@36b4cef0, started on Wed Jan 29 00:17:52 CST 2020
